<?xml version="1.0" encoding="UTF-8"?>
<testng-results ignored="0" total="6" passed="6" failed="0" skipped="0">
  <reporter-output>
  </reporter-output>
  <suite started-at="2022-06-10T10:50:37 IST" name="Command line suite" finished-at="2022-06-10T10:50:37 IST" duration-ms="81">
    <groups>
    </groups>
    <test started-at="2022-06-10T10:50:37 IST" name="Command line test" finished-at="2022-06-10T10:50:37 IST" duration-ms="81">
      <class name="qaClickacademy.Mavenjava.SeleniumTest">
        <test-method signature="postAppium()[pri:0, instance:qaClickacademy.Mavenjava.SeleniumTest@28701274]" started-at="2022-06-10T10:50:37 IST" name="postAppium" finished-at="2022-06-10T10:50:37 IST" duration-ms="2" status="PASS">
          <reporter-output>
          </reporter-output>
        </test-method> <!-- postAppium -->
        <test-method signature="postAppium1()[pri:0, instance:qaClickacademy.Mavenjava.SeleniumTest@28701274]" started-at="2022-06-10T10:50:37 IST" name="postAppium1" finished-at="2022-06-10T10:50:37 IST" duration-ms="1" status="PASS">
          <reporter-output>
          </reporter-output>
        </test-method> <!-- postAppium1 -->
      </class> <!-- qaClickacademy.Mavenjava.SeleniumTest -->
      <class name="qaClickacademy.Mavenjava.AppiumTest">
        <test-method signature="postAppium()[pri:0, instance:qaClickacademy.Mavenjava.AppiumTest@71d44a3]" started-at="2022-06-10T10:50:37 IST" name="postAppium" finished-at="2022-06-10T10:50:37 IST" duration-ms="7" status="PASS">
          <reporter-output>
          </reporter-output>
        </test-method> <!-- postAppium -->
        <test-method signature="postAppium1()[pri:0, instance:qaClickacademy.Mavenjava.AppiumTest@71d44a3]" started-at="2022-06-10T10:50:37 IST" name="postAppium1" finished-at="2022-06-10T10:50:37 IST" duration-ms="0" status="PASS">
          <reporter-output>
          </reporter-output>
        </test-method> <!-- postAppium1 -->
      </class> <!-- qaClickacademy.Mavenjava.AppiumTest -->
      <class name="qaClickacademy.Mavenjava.RestApiTest">
        <test-method signature="postAppium()[pri:0, instance:qaClickacademy.Mavenjava.RestApiTest@36fc695d]" started-at="2022-06-10T10:50:37 IST" name="postAppium" finished-at="2022-06-10T10:50:37 IST" duration-ms="1" status="PASS">
          <reporter-output>
          </reporter-output>
        </test-method> <!-- postAppium -->
        <test-method signature="postAppium1()[pri:0, instance:qaClickacademy.Mavenjava.RestApiTest@36fc695d]" started-at="2022-06-10T10:50:37 IST" name="postAppium1" finished-at="2022-06-10T10:50:37 IST" duration-ms="0" status="PASS">
          <reporter-output>
          </reporter-output>
        </test-method> <!-- postAppium1 -->
      </class> <!-- qaClickacademy.Mavenjava.RestApiTest -->
    </test> <!-- Command line test -->
  </suite> <!-- Command line suite -->
</testng-results>
