<?xml version="1.0" encoding="UTF-8"?>
<testng-results ignored="0" total="1" passed="1" failed="0" skipped="0">
  <reporter-output>
  </reporter-output>
  <suite started-at="2022-06-14T12:50:59 IST" name="Default suite" finished-at="2022-06-14T12:51:10 IST" duration-ms="11441">
    <groups>
    </groups>
    <test started-at="2022-06-14T12:50:59 IST" name="Default test" finished-at="2022-06-14T12:51:10 IST" duration-ms="11441">
      <class name="TestCases.LoginPageApplication">
        <test-method signature="Login()[pri:0, instance:TestCases.LoginPageApplication@ea6147e]" started-at="2022-06-14T12:50:59 IST" name="Login" finished-at="2022-06-14T12:51:10 IST" duration-ms="11393" status="PASS">
          <reporter-output>
          </reporter-output>
        </test-method> <!-- Login -->
      </class> <!-- TestCases.LoginPageApplication -->
    </test> <!-- Default test -->
  </suite> <!-- Default suite -->
</testng-results>
