<?xml version="1.0" encoding="UTF-8"?>
<!-- Generated by org.testng.reporters.JUnitXMLReporter -->
<testsuite ignored="0" hostname="GCS93-PC" failures="0" tests="6" name="Command line test" time="0.081" errors="0" timestamp="2022-06-10T10:50:37 IST">
  <testcase classname="qaClickacademy.Mavenjava.AppiumTest" name="postAppium" time="0.007"/>
  <testcase classname="qaClickacademy.Mavenjava.AppiumTest" name="postAppium1" time="0.0"/>
  <testcase classname="qaClickacademy.Mavenjava.RestApiTest" name="postAppium" time="0.001"/>
  <testcase classname="qaClickacademy.Mavenjava.RestApiTest" name="postAppium1" time="0.0"/>
  <testcase classname="qaClickacademy.Mavenjava.SeleniumTest" name="postAppium" time="0.002"/>
  <testcase classname="qaClickacademy.Mavenjava.SeleniumTest" name="postAppium1" time="0.001"/>
</testsuite> <!-- Command line test -->
