<?xml version="1.0" encoding="UTF-8"?>
<testng-results ignored="0" total="1" passed="1" failed="0" skipped="0">
  <reporter-output>
  </reporter-output>
  <suite started-at="2022-06-16T13:31:57 IST" name="Default suite" finished-at="2022-06-16T13:32:02 IST" duration-ms="5050">
    <groups>
    </groups>
    <test started-at="2022-06-16T13:31:57 IST" name="Default test" finished-at="2022-06-16T13:32:02 IST" duration-ms="5050">
      <class name="Academy.E2EProject.HomePage">
        <test-method signature="Navigation()[pri:0, instance:Academy.E2EProject.HomePage@4d02f94e]" started-at="2022-06-16T13:31:57 IST" name="Navigation" finished-at="2022-06-16T13:32:02 IST" duration-ms="5005" status="PASS">
          <reporter-output>
          </reporter-output>
        </test-method> <!-- Navigation -->
      </class> <!-- Academy.E2EProject.HomePage -->
    </test> <!-- Default test -->
  </suite> <!-- Default suite -->
</testng-results>
