<?xml version="1.0" encoding="UTF-8"?>
<testng-results ignored="0" total="1" passed="1" failed="0" skipped="0">
  <reporter-output>
  </reporter-output>
  <suite started-at="2022-06-27T10:45:45 IST" name="Default suite" finished-at="2022-06-27T10:46:01 IST" duration-ms="15860">
    <groups>
    </groups>
    <test started-at="2022-06-27T10:45:45 IST" name="Default test" finished-at="2022-06-27T10:46:01 IST" duration-ms="15860">
      <class name="Assign.Project.HomePage">
        <test-method signature="basePageNavigation()[pri:0, instance:Assign.Project.HomePage@5acf93bb]" started-at="2022-06-27T10:45:45 IST" name="basePageNavigation" finished-at="2022-06-27T10:46:01 IST" duration-ms="15806" status="PASS">
          <reporter-output>
          </reporter-output>
        </test-method> <!-- basePageNavigation -->
      </class> <!-- Assign.Project.HomePage -->
    </test> <!-- Default test -->
  </suite> <!-- Default suite -->
</testng-results>
